{"/home/mamont/WebstormProjects/frontend-project-46/src/GenDiff.js": {"path":"/home/mamont/WebstormProjects/frontend-project-46/src/GenDiff.js","all":false,"statementMap":{"0":{"start":{"line":1,"column":0},"end":{"line":1,"column":23}},"1":{"start":{"line":2,"column":0},"end":{"line":2,"column":41}},"2":{"start":{"line":3,"column":0},"end":{"line":3,"column":60}},"3":{"start":{"line":4,"column":0},"end":{"line":4,"column":56}},"4":{"start":{"line":5,"column":0},"end":{"line":5,"column":54}},"5":{"start":{"line":6,"column":0},"end":{"line":6,"column":0}},"6":{"start":{"line":7,"column":0},"end":{"line":7,"column":70}},"7":{"start":{"line":8,"column":0},"end":{"line":8,"column":45}},"8":{"start":{"line":9,"column":0},"end":{"line":9,"column":45}},"9":{"start":{"line":10,"column":0},"end":{"line":10,"column":48}},"10":{"start":{"line":11,"column":0},"end":{"line":11,"column":88}},"11":{"start":{"line":12,"column":0},"end":{"line":12,"column":94}},"12":{"start":{"line":13,"column":0},"end":{"line":13,"column":0}},"13":{"start":{"line":14,"column":0},"end":{"line":14,"column":57}},"14":{"start":{"line":15,"column":0},"end":{"line":15,"column":1}},"15":{"start":{"line":16,"column":0},"end":{"line":16,"column":0}},"16":{"start":{"line":17,"column":0},"end":{"line":17,"column":45}},"17":{"start":{"line":18,"column":0},"end":{"line":18,"column":44}},"18":{"start":{"line":19,"column":0},"end":{"line":19,"column":54}},"19":{"start":{"line":20,"column":0},"end":{"line":20,"column":0}},"20":{"start":{"line":21,"column":0},"end":{"line":21,"column":53}},"21":{"start":{"line":22,"column":0},"end":{"line":22,"column":60}},"22":{"start":{"line":23,"column":0},"end":{"line":23,"column":95}},"23":{"start":{"line":24,"column":0},"end":{"line":24,"column":9}},"24":{"start":{"line":25,"column":0},"end":{"line":25,"column":60}},"25":{"start":{"line":26,"column":0},"end":{"line":26,"column":97}},"26":{"start":{"line":27,"column":0},"end":{"line":27,"column":9}},"27":{"start":{"line":28,"column":0},"end":{"line":28,"column":102}},"28":{"start":{"line":29,"column":0},"end":{"line":29,"column":97}},"29":{"start":{"line":30,"column":0},"end":{"line":30,"column":9}},"30":{"start":{"line":31,"column":0},"end":{"line":31,"column":103}},"31":{"start":{"line":32,"column":0},"end":{"line":32,"column":89}},"32":{"start":{"line":33,"column":0},"end":{"line":33,"column":133}},"33":{"start":{"line":34,"column":0},"end":{"line":34,"column":20}},"34":{"start":{"line":35,"column":0},"end":{"line":35,"column":133}},"35":{"start":{"line":36,"column":0},"end":{"line":36,"column":13}},"36":{"start":{"line":37,"column":0},"end":{"line":37,"column":9}},"37":{"start":{"line":38,"column":0},"end":{"line":38,"column":24}},"38":{"start":{"line":39,"column":0},"end":{"line":39,"column":11}},"39":{"start":{"line":40,"column":0},"end":{"line":40,"column":1}}},"s":{"0":1,"1":1,"2":1,"3":1,"4":1,"5":1,"6":1,"7":1,"8":1,"9":1,"10":1,"11":1,"12":1,"13":1,"14":1,"15":1,"16":1,"17":2,"18":2,"19":2,"20":2,"21":10,"22":2,"23":2,"24":10,"25":4,"26":4,"27":10,"28":2,"29":2,"30":10,"31":2,"32":0,"33":2,"34":2,"35":2,"36":2,"37":10,"38":2,"39":2},"branchMap":{"0":{"type":"branch","line":7,"loc":{"start":{"line":7,"column":15},"end":{"line":15,"column":1}},"locations":[{"start":{"line":7,"column":15},"end":{"line":15,"column":1}}]},"1":{"type":"branch","line":17,"loc":{"start":{"line":17,"column":7},"end":{"line":40,"column":1}},"locations":[{"start":{"line":17,"column":7},"end":{"line":40,"column":1}}]},"2":{"type":"branch","line":21,"loc":{"start":{"line":21,"column":29},"end":{"line":39,"column":5}},"locations":[{"start":{"line":21,"column":29},"end":{"line":39,"column":5}}]},"3":{"type":"branch","line":22,"loc":{"start":{"line":22,"column":33},"end":{"line":22,"column":57}},"locations":[{"start":{"line":22,"column":33},"end":{"line":22,"column":57}}]},"4":{"type":"branch","line":22,"loc":{"start":{"line":22,"column":59},"end":{"line":24,"column":9}},"locations":[{"start":{"line":22,"column":59},"end":{"line":24,"column":9}}]},"5":{"type":"branch","line":25,"loc":{"start":{"line":25,"column":32},"end":{"line":25,"column":57}},"locations":[{"start":{"line":25,"column":32},"end":{"line":25,"column":57}}]},"6":{"type":"branch","line":25,"loc":{"start":{"line":25,"column":59},"end":{"line":27,"column":9}},"locations":[{"start":{"line":25,"column":59},"end":{"line":27,"column":9}}]},"7":{"type":"branch","line":28,"loc":{"start":{"line":28,"column":32},"end":{"line":28,"column":56}},"locations":[{"start":{"line":28,"column":32},"end":{"line":28,"column":56}}]},"8":{"type":"branch","line":28,"loc":{"start":{"line":28,"column":56},"end":{"line":28,"column":99}},"locations":[{"start":{"line":28,"column":56},"end":{"line":28,"column":99}}]},"9":{"type":"branch","line":28,"loc":{"start":{"line":28,"column":101},"end":{"line":30,"column":9}},"locations":[{"start":{"line":28,"column":101},"end":{"line":30,"column":9}}]},"10":{"type":"branch","line":31,"loc":{"start":{"line":31,"column":32},"end":{"line":31,"column":56}},"locations":[{"start":{"line":31,"column":32},"end":{"line":31,"column":56}}]},"11":{"type":"branch","line":31,"loc":{"start":{"line":31,"column":56},"end":{"line":31,"column":100}},"locations":[{"start":{"line":31,"column":56},"end":{"line":31,"column":100}}]},"12":{"type":"branch","line":31,"loc":{"start":{"line":31,"column":102},"end":{"line":37,"column":9}},"locations":[{"start":{"line":31,"column":102},"end":{"line":37,"column":9}}]},"13":{"type":"branch","line":32,"loc":{"start":{"line":32,"column":49},"end":{"line":32,"column":86}},"locations":[{"start":{"line":32,"column":49},"end":{"line":32,"column":86}}]},"14":{"type":"branch","line":32,"loc":{"start":{"line":32,"column":88},"end":{"line":34,"column":13}},"locations":[{"start":{"line":32,"column":88},"end":{"line":34,"column":13}}]}},"b":{"0":[1],"1":[2],"2":[10],"3":[2],"4":[2],"5":[8],"6":[4],"7":[8],"8":[4],"9":[2],"10":[8],"11":[4],"12":[2],"13":[0],"14":[0]},"fnMap":{"0":{"name":"genDiff","decl":{"start":{"line":7,"column":15},"end":{"line":15,"column":1}},"loc":{"start":{"line":7,"column":15},"end":{"line":15,"column":1}},"line":7},"1":{"name":"genDiffFromObjs","decl":{"start":{"line":17,"column":7},"end":{"line":40,"column":1}},"loc":{"start":{"line":17,"column":7},"end":{"line":40,"column":1}},"line":17}},"f":{"0":1,"1":2}}
,"/home/mamont/WebstormProjects/frontend-project-46/src/Parsers.js": {"path":"/home/mamont/WebstormProjects/frontend-project-46/src/Parsers.js","all":false,"statementMap":{"0":{"start":{"line":1,"column":0},"end":{"line":1,"column":20}},"1":{"start":{"line":2,"column":0},"end":{"line":2,"column":24}},"2":{"start":{"line":3,"column":0},"end":{"line":3,"column":0}},"3":{"start":{"line":4,"column":0},"end":{"line":4,"column":52}},"4":{"start":{"line":5,"column":0},"end":{"line":5,"column":51}},"5":{"start":{"line":6,"column":0},"end":{"line":6,"column":50}},"6":{"start":{"line":7,"column":0},"end":{"line":7,"column":0}},"7":{"start":{"line":8,"column":0},"end":{"line":8,"column":24}},"8":{"start":{"line":9,"column":0},"end":{"line":9,"column":21}},"9":{"start":{"line":10,"column":0},"end":{"line":10,"column":62}},"10":{"start":{"line":11,"column":0},"end":{"line":11,"column":21}},"11":{"start":{"line":12,"column":0},"end":{"line":12,"column":62}},"12":{"start":{"line":13,"column":0},"end":{"line":13,"column":5}},"13":{"start":{"line":14,"column":0},"end":{"line":14,"column":1}}},"s":{"0":1,"1":1,"2":1,"3":1,"4":3,"5":3,"6":3,"7":3,"8":3,"9":3,"10":3,"11":0,"12":3,"13":3},"branchMap":{"0":{"type":"branch","line":4,"loc":{"start":{"line":4,"column":15},"end":{"line":14,"column":1}},"locations":[{"start":{"line":4,"column":15},"end":{"line":14,"column":1}}]},"1":{"type":"branch","line":11,"loc":{"start":{"line":11,"column":8},"end":{"line":12,"column":62}},"locations":[{"start":{"line":11,"column":8},"end":{"line":12,"column":62}}]}},"b":{"0":[3],"1":[0]},"fnMap":{"0":{"name":"getObjFromFile","decl":{"start":{"line":4,"column":15},"end":{"line":14,"column":1}},"loc":{"start":{"line":4,"column":15},"end":{"line":14,"column":1}},"line":4}},"f":{"0":3}}
,"/home/mamont/WebstormProjects/frontend-project-46/src/Formatters/FormatJson.js": {"path":"/home/mamont/WebstormProjects/frontend-project-46/src/Formatters/FormatJson.js","all":false,"statementMap":{"0":{"start":{"line":1,"column":0},"end":{"line":1,"column":47}},"1":{"start":{"line":2,"column":0},"end":{"line":2,"column":62}},"2":{"start":{"line":3,"column":0},"end":{"line":3,"column":1}}},"s":{"0":1,"1":0,"2":1},"branchMap":{},"b":{},"fnMap":{"0":{"name":"toJsonFormat","decl":{"start":{"line":1,"column":15},"end":{"line":2,"column":62}},"loc":{"start":{"line":1,"column":15},"end":{"line":2,"column":62}},"line":1}},"f":{"0":0}}
,"/home/mamont/WebstormProjects/frontend-project-46/src/Formatters/FormatPlain.js": {"path":"/home/mamont/WebstormProjects/frontend-project-46/src/Formatters/FormatPlain.js","all":false,"statementMap":{"0":{"start":{"line":1,"column":0},"end":{"line":1,"column":62}},"1":{"start":{"line":2,"column":0},"end":{"line":2,"column":75}},"2":{"start":{"line":3,"column":0},"end":{"line":3,"column":52}},"3":{"start":{"line":4,"column":0},"end":{"line":4,"column":42}},"4":{"start":{"line":5,"column":0},"end":{"line":5,"column":31}},"5":{"start":{"line":6,"column":0},"end":{"line":6,"column":65}},"6":{"start":{"line":7,"column":0},"end":{"line":7,"column":65}},"7":{"start":{"line":8,"column":0},"end":{"line":8,"column":104}},"8":{"start":{"line":9,"column":0},"end":{"line":9,"column":31}},"9":{"start":{"line":10,"column":0},"end":{"line":10,"column":85}},"10":{"start":{"line":11,"column":0},"end":{"line":11,"column":29}},"11":{"start":{"line":12,"column":0},"end":{"line":12,"column":68}},"12":{"start":{"line":13,"column":0},"end":{"line":13,"column":106}},"13":{"start":{"line":14,"column":0},"end":{"line":14,"column":13}},"14":{"start":{"line":15,"column":0},"end":{"line":15,"column":16}},"15":{"start":{"line":16,"column":0},"end":{"line":16,"column":64}},"16":{"start":{"line":17,"column":0},"end":{"line":17,"column":80}},"17":{"start":{"line":18,"column":0},"end":{"line":18,"column":9}},"18":{"start":{"line":19,"column":0},"end":{"line":19,"column":18}},"19":{"start":{"line":20,"column":0},"end":{"line":20,"column":23}},"20":{"start":{"line":21,"column":0},"end":{"line":21,"column":84}},"21":{"start":{"line":22,"column":0},"end":{"line":22,"column":52}},"22":{"start":{"line":23,"column":0},"end":{"line":23,"column":1}},"23":{"start":{"line":24,"column":0},"end":{"line":24,"column":0}},"24":{"start":{"line":25,"column":0},"end":{"line":25,"column":32}},"25":{"start":{"line":26,"column":0},"end":{"line":26,"column":1}},"26":{"start":{"line":27,"column":0},"end":{"line":27,"column":78}},"27":{"start":{"line":28,"column":0},"end":{"line":28,"column":1}},"28":{"start":{"line":29,"column":0},"end":{"line":29,"column":0}},"29":{"start":{"line":30,"column":0},"end":{"line":30,"column":33}},"30":{"start":{"line":31,"column":0},"end":{"line":31,"column":1}},"31":{"start":{"line":32,"column":0},"end":{"line":32,"column":26}},"32":{"start":{"line":33,"column":0},"end":{"line":33,"column":22}},"33":{"start":{"line":34,"column":0},"end":{"line":34,"column":33}},"34":{"start":{"line":35,"column":0},"end":{"line":35,"column":23}},"35":{"start":{"line":36,"column":0},"end":{"line":36,"column":32}},"36":{"start":{"line":37,"column":0},"end":{"line":37,"column":22}},"37":{"start":{"line":38,"column":0},"end":{"line":38,"column":29}},"38":{"start":{"line":39,"column":0},"end":{"line":39,"column":17}},"39":{"start":{"line":40,"column":0},"end":{"line":40,"column":5}},"40":{"start":{"line":41,"column":0},"end":{"line":41,"column":22}},"41":{"start":{"line":42,"column":0},"end":{"line":42,"column":3}}},"s":{"0":1,"1":0,"2":1,"3":1,"4":1,"5":1,"6":1,"7":1,"8":1,"9":1,"10":1,"11":1,"12":1,"13":1,"14":1,"15":1,"16":1,"17":1,"18":1,"19":1,"20":1,"21":1,"22":1,"23":1,"24":1,"25":1,"26":1,"27":1,"28":1,"29":1,"30":1,"31":1,"32":1,"33":1,"34":1,"35":1,"36":1,"37":1,"38":1,"39":1,"40":1,"41":1},"branchMap":{},"b":{},"fnMap":{"0":{"name":"toPlainFormat","decl":{"start":{"line":1,"column":15},"end":{"line":2,"column":75}},"loc":{"start":{"line":1,"column":15},"end":{"line":2,"column":75}},"line":1}},"f":{"0":0}}
,"/home/mamont/WebstormProjects/frontend-project-46/src/Formatters/FormatStylish.js": {"path":"/home/mamont/WebstormProjects/frontend-project-46/src/Formatters/FormatStylish.js","all":false,"statementMap":{"0":{"start":{"line":1,"column":0},"end":{"line":1,"column":23}},"1":{"start":{"line":2,"column":0},"end":{"line":2,"column":0}},"2":{"start":{"line":3,"column":0},"end":{"line":3,"column":50}},"3":{"start":{"line":4,"column":0},"end":{"line":4,"column":45}},"4":{"start":{"line":5,"column":0},"end":{"line":5,"column":30}},"5":{"start":{"line":6,"column":0},"end":{"line":6,"column":21}},"6":{"start":{"line":7,"column":0},"end":{"line":7,"column":39}},"7":{"start":{"line":8,"column":0},"end":{"line":8,"column":67}},"8":{"start":{"line":9,"column":0},"end":{"line":9,"column":16}},"9":{"start":{"line":10,"column":0},"end":{"line":10,"column":9}},"10":{"start":{"line":11,"column":0},"end":{"line":11,"column":58}},"11":{"start":{"line":12,"column":0},"end":{"line":12,"column":58}},"12":{"start":{"line":13,"column":0},"end":{"line":13,"column":14}},"13":{"start":{"line":14,"column":0},"end":{"line":14,"column":21}},"14":{"start":{"line":15,"column":0},"end":{"line":15,"column":55}},"15":{"start":{"line":16,"column":0},"end":{"line":16,"column":14}},"16":{"start":{"line":17,"column":0},"end":{"line":17,"column":19}},"17":{"start":{"line":18,"column":0},"end":{"line":18,"column":55}},"18":{"start":{"line":19,"column":0},"end":{"line":19,"column":14}},"19":{"start":{"line":20,"column":0},"end":{"line":20,"column":23}},"20":{"start":{"line":21,"column":0},"end":{"line":21,"column":55}},"21":{"start":{"line":22,"column":0},"end":{"line":22,"column":5}},"22":{"start":{"line":23,"column":0},"end":{"line":23,"column":20}},"23":{"start":{"line":24,"column":0},"end":{"line":24,"column":9}},"24":{"start":{"line":25,"column":0},"end":{"line":25,"column":1}}},"s":{"0":1,"1":1,"2":1,"3":2,"4":10,"5":10,"6":2,"7":0,"8":0,"9":0,"10":2,"11":2,"12":2,"13":10,"14":4,"15":4,"16":10,"17":2,"18":2,"19":10,"20":2,"21":10,"22":10,"23":2,"24":2},"branchMap":{"0":{"type":"branch","line":3,"loc":{"start":{"line":3,"column":15},"end":{"line":25,"column":1}},"locations":[{"start":{"line":3,"column":15},"end":{"line":25,"column":1}}]},"1":{"type":"branch","line":4,"loc":{"start":{"line":4,"column":24},"end":{"line":24,"column":3}},"locations":[{"start":{"line":4,"column":24},"end":{"line":24,"column":3}}]},"2":{"type":"branch","line":6,"loc":{"start":{"line":6,"column":6},"end":{"line":13,"column":14}},"locations":[{"start":{"line":6,"column":6},"end":{"line":13,"column":14}}]},"3":{"type":"branch","line":7,"loc":{"start":{"line":7,"column":38},"end":{"line":10,"column":9}},"locations":[{"start":{"line":7,"column":38},"end":{"line":10,"column":9}}]},"4":{"type":"branch","line":14,"loc":{"start":{"line":14,"column":6},"end":{"line":16,"column":14}},"locations":[{"start":{"line":14,"column":6},"end":{"line":16,"column":14}}]},"5":{"type":"branch","line":17,"loc":{"start":{"line":17,"column":6},"end":{"line":19,"column":14}},"locations":[{"start":{"line":17,"column":6},"end":{"line":19,"column":14}}]},"6":{"type":"branch","line":20,"loc":{"start":{"line":20,"column":6},"end":{"line":21,"column":55}},"locations":[{"start":{"line":20,"column":6},"end":{"line":21,"column":55}}]}},"b":{"0":[2],"1":[10],"2":[2],"3":[0],"4":[4],"5":[2],"6":[2]},"fnMap":{"0":{"name":"toStylishFormat","decl":{"start":{"line":3,"column":15},"end":{"line":25,"column":1}},"loc":{"start":{"line":3,"column":15},"end":{"line":25,"column":1}},"line":3}},"f":{"0":2}}
}
