TN:
SF:src/GenDiff.js
FN:7,genDiff
FN:17,genDiffFromObjs
FNF:2
FNH:2
FNDA:1,genDiff
FNDA:2,genDiffFromObjs
DA:1,1
DA:2,1
DA:3,1
DA:4,1
DA:5,1
DA:6,1
DA:7,1
DA:8,1
DA:9,1
DA:10,1
DA:11,1
DA:12,1
DA:13,1
DA:14,1
DA:15,1
DA:16,1
DA:17,1
DA:18,2
DA:19,2
DA:20,2
DA:21,2
DA:22,10
DA:23,2
DA:24,2
DA:25,10
DA:26,4
DA:27,4
DA:28,10
DA:29,2
DA:30,2
DA:31,10
DA:32,2
DA:33,0
DA:34,2
DA:35,2
DA:36,2
DA:37,2
DA:38,10
DA:39,2
DA:40,2
LF:40
LH:39
BRDA:7,0,0,1
BRDA:17,1,0,2
BRDA:21,2,0,10
BRDA:22,3,0,2
BRDA:22,4,0,2
BRDA:25,5,0,8
BRDA:25,6,0,4
BRDA:28,7,0,8
BRDA:28,8,0,4
BRDA:28,9,0,2
BRDA:31,10,0,8
BRDA:31,11,0,4
BRDA:31,12,0,2
BRDA:32,13,0,0
BRDA:32,14,0,0
BRF:15
BRH:13
end_of_record
TN:
SF:src/Parsers.js
FN:4,getObjFromFile
FNF:1
FNH:1
FNDA:3,getObjFromFile
DA:1,1
DA:2,1
DA:3,1
DA:4,1
DA:5,3
DA:6,3
DA:7,3
DA:8,3
DA:9,3
DA:10,3
DA:11,3
DA:12,0
DA:13,3
DA:14,3
LF:14
LH:13
BRDA:4,0,0,3
BRDA:11,1,0,0
BRF:2
BRH:1
end_of_record
TN:
SF:src/Formatters/FormatJson.js
FN:1,toJsonFormat
FNF:1
FNH:0
FNDA:0,toJsonFormat
DA:1,1
DA:2,0
DA:3,1
LF:3
LH:2
BRF:0
BRH:0
end_of_record
TN:
SF:src/Formatters/FormatPlain.js
FN:1,toPlainFormat
FNF:1
FNH:0
FNDA:0,toPlainFormat
DA:1,1
DA:2,0
DA:3,1
DA:4,1
DA:5,1
DA:6,1
DA:7,1
DA:8,1
DA:9,1
DA:10,1
DA:11,1
DA:12,1
DA:13,1
DA:14,1
DA:15,1
DA:16,1
DA:17,1
DA:18,1
DA:19,1
DA:20,1
DA:21,1
DA:22,1
DA:23,1
DA:24,1
DA:25,1
DA:26,1
DA:27,1
DA:28,1
DA:29,1
DA:30,1
DA:31,1
DA:32,1
DA:33,1
DA:34,1
DA:35,1
DA:36,1
DA:37,1
DA:38,1
DA:39,1
DA:40,1
DA:41,1
DA:42,1
LF:42
LH:41
BRF:0
BRH:0
end_of_record
TN:
SF:src/Formatters/FormatStylish.js
FN:3,toStylishFormat
FNF:1
FNH:1
FNDA:2,toStylishFormat
DA:1,1
DA:2,1
DA:3,1
DA:4,2
DA:5,10
DA:6,10
DA:7,2
DA:8,0
DA:9,0
DA:10,0
DA:11,2
DA:12,2
DA:13,2
DA:14,10
DA:15,4
DA:16,4
DA:17,10
DA:18,2
DA:19,2
DA:20,10
DA:21,2
DA:22,10
DA:23,10
DA:24,2
DA:25,2
LF:25
LH:22
BRDA:3,0,0,2
BRDA:4,1,0,10
BRDA:6,2,0,2
BRDA:7,3,0,0
BRDA:14,4,0,4
BRDA:17,5,0,2
BRDA:20,6,0,2
BRF:7
BRH:6
end_of_record
